JOBID: 1177212
NUM_NODES: 1
TASKS: 4
Tue Aug 29 13:09:17 MDT 2017
app arguments: 
Generating run data with Run.py
run file None, dataDir /turquoise/usr/projects/workflow_perf/NPB3.3.1_ml/run/2017-08-29_13:09/ossiot_bt-io-A4.
Arg list to Run: ['Run.py', '--appName', 'bt-io', '--exeName', '/turquoise/usr/projects/workflow_perf/NPB3.3.1_ml/NPB3.3-MPI/bin/bt.A.4.mpi_io_full', '--launcher', 'mpirun', '--verbosity', '--mpiArgs', '-n 4', '--perfTool', 'ossiot osspcsamp', '--repeatRun', '2', '--outDir', '/turquoise/usr/projects/workflow_perf/NPB3.3.1_ml/run/2017-08-29_13:09/ossiot_bt-io-A4']
getting environmental variables
getting filesystem device information....
getting filesystem device information....
getting filesystem device information....
in get_execution_name, base_name:  /turquoise/usr/projects/workflow_perf/NPB3.3.1_ml/run/2017-08-29_13:09/ossiot_bt-io-A4/ossiot_mpirun_bt.A.4.mpi_io_full_1504033758
getting submission information
run_executable: ossiot
run_arguments: "mpirun -n 4 /turquoise/usr/projects/workflow_perf/NPB3.3.1_ml/NPB3.3-MPI/bin/bt.A.4.mpi_io_full"
run_executable: ossiot
run_arguments: "mpirun -n 4 /turquoise/usr/projects/workflow_perf/NPB3.3.1_ml/NPB3.3-MPI/bin/bt.A.4.mpi_io_full"
run.filenames after submission:  [{'StdErr': '/turquoise/usr/projects/workflow_perf/NPB3.3.1_ml/run/2017-08-29_13:09/ossiot_bt-io-A4/ossiot_mpirun_bt.A.4.mpi_io_full_1504033758.err', 'StdOut': '/turquoise/usr/projects/workflow_perf/NPB3.3.1_ml/run/2017-08-29_13:09/ossiot_bt-io-A4/ossiot_mpirun_bt.A.4.mpi_io_full_1504033758.bt-io'}]
Running: ossiot "mpirun -n 4 /turquoise/usr/projects/workflow_perf/NPB3.3.1_ml/NPB3.3-MPI/bin/bt.A.4.mpi_io_full"
File out:  /turquoise/usr/projects/workflow_perf/NPB3.3.1_ml/run/2017-08-29_13:09/ossiot_bt-io-A4/ossiot_mpirun_bt.A.4.mpi_io_full_1504033758.bt-io
i 0
[openss]: iot using default experiment trace function list.
Running iot collector.
Program: mpirun -n 4 /turquoise/usr/projects/workflow_perf/NPB3.3.1_ml/NPB3.3-MPI/bin/bt.A.4.mpi_io_full
Number of mrnet backends: 4
Topology file used: ./cbtfAutoTopology
executing mpi program: mpirun -n 4  cbtfrun  --mpi  --mrnet  -c iot /turquoise/usr/projects/workflow_perf/NPB3.3.1_ml/NPB3.3-MPI/bin/bt.A.4.mpi_io_full
App launch reported: 1 (out of 1) daemons - 4 (out of 4) procs


 NAS Parallel Benchmarks 3.3 -- BT Benchmark 

 No input file inputbt.data. Using compiled defaults
 Size:   64x  64x  64
 Iterations:  200    dt:   0.0008000
 Number of active processes:     4

 BTIO -- FULL MPI-IO write interval:   5

 Time step    1
 Writing data set, time step           5
 Writing data set, time step          10
 Writing data set, time step          15
 Time step   20
 Writing data set, time step          20
 Writing data set, time step          25
 Writing data set, time step          30
 Writing data set, time step          35
 Time step   40
 Writing data set, time step          40
 Writing data set, time step          45
 Writing data set, time step          50
 Writing data set, time step          55
 Time step   60
 Writing data set, time step          60
 Writing data set, time step          65
 Writing data set, time step          70
 Writing data set, time step          75
 Time step   80
 Writing data set, time step          80
 Writing data set, time step          85
 Writing data set, time step          90
 Writing data set, time step          95
 Time step  100
 Writing data set, time step         100
 Writing data set, time step         105
 Writing data set, time step         110
 Writing data set, time step         115
 Time step  120
 Writing data set, time step         120
 Writing data set, time step         125
 Writing data set, time step         130
 Writing data set, time step         135
 Time step  140
 Writing data set, time step         140
 Writing data set, time step         145
 Writing data set, time step         150
 Writing data set, time step         155
 Time step  160
 Writing data set, time step         160
 Writing data set, time step         165
 Writing data set, time step         170
 Writing data set, time step         175
 Time step  180
 Writing data set, time step         180
 Writing data set, time step         185
 Writing data set, time step         190
 Writing data set, time step         195
 Time step  200
 Writing data set, time step         200
 Reading data set            1
 Reading data set            2
 Reading data set            3
 Reading data set            4
 Reading data set            5
 Reading data set            6
 Reading data set            7
 Reading data set            8
 Reading data set            9
 Reading data set           10
 Reading data set           11
 Reading data set           12
 Reading data set           13
 Reading data set           14
 Reading data set           15
 Reading data set           16
 Reading data set           17
 Reading data set           18
 Reading data set           19
 Reading data set           20
 Reading data set           21
 Reading data set           22
 Reading data set           23
 Reading data set           24
 Reading data set           25
 Reading data set           26
 Reading data set           27
 Reading data set           28
 Reading data set           29
 Reading data set           30
 Reading data set           31
 Reading data set           32
 Reading data set           33
 Reading data set           34
 Reading data set           35
 Reading data set           36
 Reading data set           37
 Reading data set           38
 Reading data set           39
 Reading data set           40
 Verification being performed for class A
 accuracy setting for epsilon =  0.1000000000000E-07
 Comparison of RMS-norms of residual
           1 0.1080634671464E+03 0.1080634671464E+03 0.7101254243319E-14
           2 0.1131973090122E+02 0.1131973090122E+02 0.9415542762816E-15
           3 0.2597435451158E+02 0.2597435451158E+02 0.6838887328685E-15
           4 0.2366562254468E+02 0.2366562254468E+02 0.6455215276928E-14
           5 0.2527896321175E+03 0.2527896321175E+03 0.1259241302557E-13
 Comparison of RMS-norms of solution error
           1 0.6482218724961E+02 0.6482218724961E+02 0.4976481290162E-13
           2 0.5066461714527E+01 0.5066461714527E+01 0.7117401822347E-13
           3 0.1613931961359E+02 0.1613931961359E+02 0.4820799849593E-13
           4 0.1452010201481E+02 0.1452010201481E+02 0.2249791512708E-12
           5 0.1420099377681E+03 0.1420099377681E+03 0.1236858258235E-12
 Verification Successful

 BTIO -- statistics:
   I/O timing in seconds   :           1.74
   I/O timing percentage   :           8.77
   Total data written (MB) :         419.43
   I/O data rate  (MB/sec) :         240.48


 BT Benchmark Completed.
 Class           =                        A
 Size            =             64x  64x  64
 Iterations      =                      200
 Time in seconds =                    19.88
 Total processes =                        4
 Compiled procs  =                        4
 Mop/s total     =                  8465.13
 Mop/s/process   =                  2116.28
 Operation type  =           floating point
 Verification    =               SUCCESSFUL
 Version         =                    3.3.1
 Compile date    =              20 Jan 2017

 Compile options:
    MPIF77       = mpif77
    FLINK        = $(MPIF77)
    FMPI_LIB     = (none)
    FMPI_INC     = (none)
    FFLAGS       = -O
    FLINKFLAGS   = -O
    RAND         = (none)


 Please send feedbacks and/or the results of this run to:

 NPB Development Team 
 Internet: npb@nas.nasa.gov


All Threads are finished.
Creating topology file for slurm frontend node ml048 for SLURM_JOB_ID 1177212
Generated topology file: ./cbtfAutoTopology
in get_execution_name, base_name:  /turquoise/usr/projects/workflow_perf/NPB3.3.1_ml/run/2017-08-29_13:09/ossiot_bt-io-A4/ossiot_mpirun_bt.A.4.mpi_io_full_1504033792
getting submission information
run_executable: ossiot
run_arguments: "mpirun -n 4 /turquoise/usr/projects/workflow_perf/NPB3.3.1_ml/NPB3.3-MPI/bin/bt.A.4.mpi_io_full"
run_executable: ossiot
run_arguments: "mpirun -n 4 /turquoise/usr/projects/workflow_perf/NPB3.3.1_ml/NPB3.3-MPI/bin/bt.A.4.mpi_io_full"
run.filenames after submission:  [{'StdErr': '/turquoise/usr/projects/workflow_perf/NPB3.3.1_ml/run/2017-08-29_13:09/ossiot_bt-io-A4/ossiot_mpirun_bt.A.4.mpi_io_full_1504033758.err', 'StdOut': '/turquoise/usr/projects/workflow_perf/NPB3.3.1_ml/run/2017-08-29_13:09/ossiot_bt-io-A4/ossiot_mpirun_bt.A.4.mpi_io_full_1504033758.bt-io'}, {'StdErr': '/turquoise/usr/projects/workflow_perf/NPB3.3.1_ml/run/2017-08-29_13:09/ossiot_bt-io-A4/ossiot_mpirun_bt.A.4.mpi_io_full_1504033792.err', 'StdOut': '/turquoise/usr/projects/workflow_perf/NPB3.3.1_ml/run/2017-08-29_13:09/ossiot_bt-io-A4/ossiot_mpirun_bt.A.4.mpi_io_full_1504033792.bt-io'}]
Running: ossiot "mpirun -n 4 /turquoise/usr/projects/workflow_perf/NPB3.3.1_ml/NPB3.3-MPI/bin/bt.A.4.mpi_io_full"
File out:  /turquoise/usr/projects/workflow_perf/NPB3.3.1_ml/run/2017-08-29_13:09/ossiot_bt-io-A4/ossiot_mpirun_bt.A.4.mpi_io_full_1504033792.bt-io
i 1
[openss]: iot using default experiment trace function list.
Running iot collector.
Program: mpirun -n 4 /turquoise/usr/projects/workflow_perf/NPB3.3.1_ml/NPB3.3-MPI/bin/bt.A.4.mpi_io_full
Number of mrnet backends: 4
Topology file used: ./cbtfAutoTopology
executing mpi program: mpirun -n 4  cbtfrun  --mpi  --mrnet  -c iot /turquoise/usr/projects/workflow_perf/NPB3.3.1_ml/NPB3.3-MPI/bin/bt.A.4.mpi_io_full
App launch reported: 1 (out of 1) daemons - 4 (out of 4) procs


 NAS Parallel Benchmarks 3.3 -- BT Benchmark 

 No input file inputbt.data. Using compiled defaults
 Size:   64x  64x  64
 Iterations:  200    dt:   0.0008000
 Number of active processes:     4

 BTIO -- FULL MPI-IO write interval:   5

 Time step    1
 Writing data set, time step           5
 Writing data set, time step          10
 Writing data set, time step          15
 Time step   20
 Writing data set, time step          20
 Writing data set, time step          25
 Writing data set, time step          30
 Writing data set, time step          35
 Time step   40
 Writing data set, time step          40
 Writing data set, time step          45
 Writing data set, time step          50
 Writing data set, time step          55
 Time step   60
 Writing data set, time step          60
 Writing data set, time step          65
 Writing data set, time step          70
 Writing data set, time step          75
 Time step   80
 Writing data set, time step          80
 Writing data set, time step          85
 Writing data set, time step          90
 Writing data set, time step          95
 Time step  100
 Writing data set, time step         100
 Writing data set, time step         105
 Writing data set, time step         110
 Writing data set, time step         115
 Time step  120
 Writing data set, time step         120
 Writing data set, time step         125
 Writing data set, time step         130
 Writing data set, time step         135
 Time step  140
 Writing data set, time step         140
 Writing data set, time step         145
 Writing data set, time step         150
 Writing data set, time step         155
 Time step  160
 Writing data set, time step         160
 Writing data set, time step         165
 Writing data set, time step         170
 Writing data set, time step         175
 Time step  180
 Writing data set, time step         180
 Writing data set, time step         185
 Writing data set, time step         190
 Writing data set, time step         195
 Time step  200
 Writing data set, time step         200
 Reading data set            1
 Reading data set            2
 Reading data set            3
 Reading data set            4
 Reading data set            5
 Reading data set            6
 Reading data set            7
 Reading data set            8
 Reading data set            9
 Reading data set           10
 Reading data set           11
 Reading data set           12
 Reading data set           13
 Reading data set           14
 Reading data set           15
 Reading data set           16
 Reading data set           17
 Reading data set           18
 Reading data set           19
 Reading data set           20
 Reading data set           21
 Reading data set           22
 Reading data set           23
 Reading data set           24
 Reading data set           25
 Reading data set           26
 Reading data set           27
 Reading data set           28
 Reading data set           29
 Reading data set           30
 Reading data set           31
 Reading data set           32
 Reading data set           33
 Reading data set           34
 Reading data set           35
 Reading data set           36
 Reading data set           37
 Reading data set           38
 Reading data set           39
 Reading data set           40
 Verification being performed for class A
 accuracy setting for epsilon =  0.1000000000000E-07
 Comparison of RMS-norms of residual
           1 0.1080634671464E+03 0.1080634671464E+03 0.7101254243319E-14
           2 0.1131973090122E+02 0.1131973090122E+02 0.9415542762816E-15
           3 0.2597435451158E+02 0.2597435451158E+02 0.6838887328685E-15
           4 0.2366562254468E+02 0.2366562254468E+02 0.6455215276928E-14
           5 0.2527896321175E+03 0.2527896321175E+03 0.1259241302557E-13
 Comparison of RMS-norms of solution error
           1 0.6482218724961E+02 0.6482218724961E+02 0.4976481290162E-13
           2 0.5066461714527E+01 0.5066461714527E+01 0.7117401822347E-13
           3 0.1613931961359E+02 0.1613931961359E+02 0.4820799849593E-13
           4 0.1452010201481E+02 0.1452010201481E+02 0.2249791512708E-12
           5 0.1420099377681E+03 0.1420099377681E+03 0.1236858258235E-12
 Verification Successful

 BTIO -- statistics:
   I/O timing in seconds   :           1.73
   I/O timing percentage   :           8.72
   Total data written (MB) :         419.43
   I/O data rate  (MB/sec) :         241.86


 BT Benchmark Completed.
 Class           =                        A
 Size            =             64x  64x  64
 Iterations      =                      200
 Time in seconds =                    19.89
 Total processes =                        4
 Compiled procs  =                        4
 Mop/s total     =                  8459.41
 Mop/s/process   =                  2114.85
 Operation type  =           floating point
 Verification    =               SUCCESSFUL
 Version         =                    3.3.1
 Compile date    =              20 Jan 2017

 Compile options:
    MPIF77       = mpif77
    FLINK        = $(MPIF77)
    FMPI_LIB     = (none)
    FMPI_INC     = (none)
    FFLAGS       = -O
    FLINKFLAGS   = -O
    RAND         = (none)


 Please send feedbacks and/or the results of this run to:

 NPB Development Team 
 Internet: npb@nas.nasa.gov


All Threads are finished.
Creating topology file for slurm frontend node ml048 for SLURM_JOB_ID 1177212
Generated topology file: ./cbtfAutoTopology
file name:  /turquoise/usr/projects/workflow_perf/NPB3.3.1_ml/run/2017-08-29_13:09/ossiot_bt-io-A4/ossiot_mpirun_bt.A.4.mpi_io_full_1504033758.bt-io
file name:  /turquoise/usr/projects/workflow_perf/NPB3.3.1_ml/run/2017-08-29_13:09/ossiot_bt-io-A4/ossiot_mpirun_bt.A.4.mpi_io_full_1504033792.bt-io
in get_execution_name, base_name:  /turquoise/usr/projects/workflow_perf/NPB3.3.1_ml/run/2017-08-29_13:09/ossiot_bt-io-A4/osspcsamp_mpirun_bt.A.4.mpi_io_full_1504033827
getting submission information
run_executable: osspcsamp
run_arguments: "mpirun -n 4 /turquoise/usr/projects/workflow_perf/NPB3.3.1_ml/NPB3.3-MPI/bin/bt.A.4.mpi_io_full"
run_executable: osspcsamp
run_arguments: "mpirun -n 4 /turquoise/usr/projects/workflow_perf/NPB3.3.1_ml/NPB3.3-MPI/bin/bt.A.4.mpi_io_full"
run.filenames after submission:  [{'StdErr': '/turquoise/usr/projects/workflow_perf/NPB3.3.1_ml/run/2017-08-29_13:09/ossiot_bt-io-A4/ossiot_mpirun_bt.A.4.mpi_io_full_1504033758.err', 'StdOut': '/turquoise/usr/projects/workflow_perf/NPB3.3.1_ml/run/2017-08-29_13:09/ossiot_bt-io-A4/ossiot_mpirun_bt.A.4.mpi_io_full_1504033758.bt-io'}, {'StdErr': '/turquoise/usr/projects/workflow_perf/NPB3.3.1_ml/run/2017-08-29_13:09/ossiot_bt-io-A4/ossiot_mpirun_bt.A.4.mpi_io_full_1504033792.err', 'StdOut': '/turquoise/usr/projects/workflow_perf/NPB3.3.1_ml/run/2017-08-29_13:09/ossiot_bt-io-A4/ossiot_mpirun_bt.A.4.mpi_io_full_1504033792.bt-io'}, {'StdErr': '/turquoise/usr/projects/workflow_perf/NPB3.3.1_ml/run/2017-08-29_13:09/ossiot_bt-io-A4/osspcsamp_mpirun_bt.A.4.mpi_io_full_1504033827.err', 'StdOut': '/turquoise/usr/projects/workflow_perf/NPB3.3.1_ml/run/2017-08-29_13:09/ossiot_bt-io-A4/osspcsamp_mpirun_bt.A.4.mpi_io_full_1504033827.bt-io'}]
Running: osspcsamp "mpirun -n 4 /turquoise/usr/projects/workflow_perf/NPB3.3.1_ml/NPB3.3-MPI/bin/bt.A.4.mpi_io_full"
File out:  /turquoise/usr/projects/workflow_perf/NPB3.3.1_ml/run/2017-08-29_13:09/ossiot_bt-io-A4/osspcsamp_mpirun_bt.A.4.mpi_io_full_1504033827.bt-io
i 2
[openss]: pcsamp experiment using the default sampling rate: "100".
Running pcsamp collector.
Program: mpirun -n 4 /turquoise/usr/projects/workflow_perf/NPB3.3.1_ml/NPB3.3-MPI/bin/bt.A.4.mpi_io_full
Number of mrnet backends: 4
Topology file used: ./cbtfAutoTopology
executing mpi program: mpirun -n 4  cbtfrun  --mpi  --mrnet  -c pcsamp /turquoise/usr/projects/workflow_perf/NPB3.3.1_ml/NPB3.3-MPI/bin/bt.A.4.mpi_io_full
App launch reported: 1 (out of 1) daemons - 4 (out of 4) procs


 NAS Parallel Benchmarks 3.3 -- BT Benchmark 

 No input file inputbt.data. Using compiled defaults
 Size:   64x  64x  64
 Iterations:  200    dt:   0.0008000
 Number of active processes:     4

 BTIO -- FULL MPI-IO write interval:   5

 Time step    1
 Writing data set, time step           5
 Writing data set, time step          10
 Writing data set, time step          15
 Time step   20
 Writing data set, time step          20
 Writing data set, time step          25
 Writing data set, time step          30
 Writing data set, time step          35
 Time step   40
 Writing data set, time step          40
 Writing data set, time step          45
 Writing data set, time step          50
 Writing data set, time step          55
 Time step   60
 Writing data set, time step          60
 Writing data set, time step          65
 Writing data set, time step          70
 Writing data set, time step          75
 Time step   80
 Writing data set, time step          80
 Writing data set, time step          85
 Writing data set, time step          90
 Writing data set, time step          95
 Time step  100
 Writing data set, time step         100
 Writing data set, time step         105
 Writing data set, time step         110
 Writing data set, time step         115
 Time step  120
 Writing data set, time step         120
 Writing data set, time step         125
 Writing data set, time step         130
 Writing data set, time step         135
 Time step  140
 Writing data set, time step         140
 Writing data set, time step         145
 Writing data set, time step         150
 Writing data set, time step         155
 Time step  160
 Writing data set, time step         160
 Writing data set, time step         165
 Writing data set, time step         170
 Writing data set, time step         175
 Time step  180
 Writing data set, time step         180
 Writing data set, time step         185
 Writing data set, time step         190
 Writing data set, time step         195
 Time step  200
 Writing data set, time step         200
 Reading data set            1
 Reading data set            2
 Reading data set            3
 Reading data set            4
 Reading data set            5
 Reading data set            6
 Reading data set            7
 Reading data set            8
 Reading data set            9
 Reading data set           10
 Reading data set           11
 Reading data set           12
 Reading data set           13
 Reading data set           14
 Reading data set           15
 Reading data set           16
 Reading data set           17
 Reading data set           18
 Reading data set           19
 Reading data set           20
 Reading data set           21
 Reading data set           22
 Reading data set           23
 Reading data set           24
 Reading data set           25
 Reading data set           26
 Reading data set           27
 Reading data set           28
 Reading data set           29
 Reading data set           30
 Reading data set           31
 Reading data set           32
 Reading data set           33
 Reading data set           34
 Reading data set           35
 Reading data set           36
 Reading data set           37
 Reading data set           38
 Reading data set           39
 Reading data set           40
 Verification being performed for class A
 accuracy setting for epsilon =  0.1000000000000E-07
 Comparison of RMS-norms of residual
           1 0.1080634671464E+03 0.1080634671464E+03 0.7101254243319E-14
           2 0.1131973090122E+02 0.1131973090122E+02 0.9415542762816E-15
           3 0.2597435451158E+02 0.2597435451158E+02 0.6838887328685E-15
           4 0.2366562254468E+02 0.2366562254468E+02 0.6455215276928E-14
           5 0.2527896321175E+03 0.2527896321175E+03 0.1259241302557E-13
 Comparison of RMS-norms of solution error
           1 0.6482218724961E+02 0.6482218724961E+02 0.4976481290162E-13
           2 0.5066461714527E+01 0.5066461714527E+01 0.7117401822347E-13
           3 0.1613931961359E+02 0.1613931961359E+02 0.4820799849593E-13
           4 0.1452010201481E+02 0.1452010201481E+02 0.2249791512708E-12
           5 0.1420099377681E+03 0.1420099377681E+03 0.1236858258235E-12
 Verification Successful

 BTIO -- statistics:
   I/O timing in seconds   :           1.73
   I/O timing percentage   :           8.70
   Total data written (MB) :         419.43
   I/O data rate  (MB/sec) :         242.61


 BT Benchmark Completed.
 Class           =                        A
 Size            =             64x  64x  64
 Iterations      =                      200
 Time in seconds =                    19.88
 Total processes =                        4
 Compiled procs  =                        4
 Mop/s total     =                  8465.20
 Mop/s/process   =                  2116.30
 Operation type  =           floating point
 Verification    =               SUCCESSFUL
 Version         =                    3.3.1
 Compile date    =              20 Jan 2017

 Compile options:
    MPIF77       = mpif77
    FLINK        = $(MPIF77)
    FMPI_LIB     = (none)
    FMPI_INC     = (none)
    FFLAGS       = -O
    FLINKFLAGS   = -O
    RAND         = (none)


 Please send feedbacks and/or the results of this run to:

 NPB Development Team 
 Internet: npb@nas.nasa.gov


All Threads are finished.
Creating topology file for slurm frontend node ml048 for SLURM_JOB_ID 1177212
Generated topology file: ./cbtfAutoTopology
in get_execution_name, base_name:  /turquoise/usr/projects/workflow_perf/NPB3.3.1_ml/run/2017-08-29_13:09/ossiot_bt-io-A4/osspcsamp_mpirun_bt.A.4.mpi_io_full_1504033861
getting submission information
run_executable: osspcsamp
run_arguments: "mpirun -n 4 /turquoise/usr/projects/workflow_perf/NPB3.3.1_ml/NPB3.3-MPI/bin/bt.A.4.mpi_io_full"
run_executable: osspcsamp
run_arguments: "mpirun -n 4 /turquoise/usr/projects/workflow_perf/NPB3.3.1_ml/NPB3.3-MPI/bin/bt.A.4.mpi_io_full"
run.filenames after submission:  [{'StdErr': '/turquoise/usr/projects/workflow_perf/NPB3.3.1_ml/run/2017-08-29_13:09/ossiot_bt-io-A4/ossiot_mpirun_bt.A.4.mpi_io_full_1504033758.err', 'StdOut': '/turquoise/usr/projects/workflow_perf/NPB3.3.1_ml/run/2017-08-29_13:09/ossiot_bt-io-A4/ossiot_mpirun_bt.A.4.mpi_io_full_1504033758.bt-io'}, {'StdErr': '/turquoise/usr/projects/workflow_perf/NPB3.3.1_ml/run/2017-08-29_13:09/ossiot_bt-io-A4/ossiot_mpirun_bt.A.4.mpi_io_full_1504033792.err', 'StdOut': '/turquoise/usr/projects/workflow_perf/NPB3.3.1_ml/run/2017-08-29_13:09/ossiot_bt-io-A4/ossiot_mpirun_bt.A.4.mpi_io_full_1504033792.bt-io'}, {'StdErr': '/turquoise/usr/projects/workflow_perf/NPB3.3.1_ml/run/2017-08-29_13:09/ossiot_bt-io-A4/osspcsamp_mpirun_bt.A.4.mpi_io_full_1504033827.err', 'StdOut': '/turquoise/usr/projects/workflow_perf/NPB3.3.1_ml/run/2017-08-29_13:09/ossiot_bt-io-A4/osspcsamp_mpirun_bt.A.4.mpi_io_full_1504033827.bt-io'}, {'StdErr': '/turquoise/usr/projects/workflow_perf/NPB3.3.1_ml/run/2017-08-29_13:09/ossiot_bt-io-A4/osspcsamp_mpirun_bt.A.4.mpi_io_full_1504033861.err', 'StdOut': '/turquoise/usr/projects/workflow_perf/NPB3.3.1_ml/run/2017-08-29_13:09/ossiot_bt-io-A4/osspcsamp_mpirun_bt.A.4.mpi_io_full_1504033861.bt-io'}]
Running: osspcsamp "mpirun -n 4 /turquoise/usr/projects/workflow_perf/NPB3.3.1_ml/NPB3.3-MPI/bin/bt.A.4.mpi_io_full"
File out:  /turquoise/usr/projects/workflow_perf/NPB3.3.1_ml/run/2017-08-29_13:09/ossiot_bt-io-A4/osspcsamp_mpirun_bt.A.4.mpi_io_full_1504033861.bt-io
i 3
[openss]: pcsamp experiment using the default sampling rate: "100".
Running pcsamp collector.
Program: mpirun -n 4 /turquoise/usr/projects/workflow_perf/NPB3.3.1_ml/NPB3.3-MPI/bin/bt.A.4.mpi_io_full
Number of mrnet backends: 4
Topology file used: ./cbtfAutoTopology
executing mpi program: mpirun -n 4  cbtfrun  --mpi  --mrnet  -c pcsamp /turquoise/usr/projects/workflow_perf/NPB3.3.1_ml/NPB3.3-MPI/bin/bt.A.4.mpi_io_full
App launch reported: 1 (out of 1) daemons - 4 (out of 4) procs


 NAS Parallel Benchmarks 3.3 -- BT Benchmark 

 No input file inputbt.data. Using compiled defaults
 Size:   64x  64x  64
 Iterations:  200    dt:   0.0008000
 Number of active processes:     4

 BTIO -- FULL MPI-IO write interval:   5

 Time step    1
 Writing data set, time step           5
 Writing data set, time step          10
 Writing data set, time step          15
 Time step   20
 Writing data set, time step          20
 Writing data set, time step          25
 Writing data set, time step          30
 Writing data set, time step          35
 Time step   40
 Writing data set, time step          40
 Writing data set, time step          45
 Writing data set, time step          50
 Writing data set, time step          55
 Time step   60
 Writing data set, time step          60
 Writing data set, time step          65
 Writing data set, time step          70
 Writing data set, time step          75
 Time step   80
 Writing data set, time step          80
 Writing data set, time step          85
 Writing data set, time step          90
 Writing data set, time step          95
 Time step  100
 Writing data set, time step         100
 Writing data set, time step         105
 Writing data set, time step         110
 Writing data set, time step         115
 Time step  120
 Writing data set, time step         120
 Writing data set, time step         125
 Writing data set, time step         130
 Writing data set, time step         135
 Time step  140
 Writing data set, time step         140
 Writing data set, time step         145
 Writing data set, time step         150
 Writing data set, time step         155
 Time step  160
 Writing data set, time step         160
 Writing data set, time step         165
 Writing data set, time step         170
 Writing data set, time step         175
 Time step  180
 Writing data set, time step         180
 Writing data set, time step         185
 Writing data set, time step         190
 Writing data set, time step         195
 Time step  200
 Writing data set, time step         200
 Reading data set            1
 Reading data set            2
 Reading data set            3
 Reading data set            4
 Reading data set            5
 Reading data set            6
 Reading data set            7
 Reading data set            8
 Reading data set            9
 Reading data set           10
 Reading data set           11
 Reading data set           12
 Reading data set           13
 Reading data set           14
 Reading data set           15
 Reading data set           16
 Reading data set           17
 Reading data set           18
 Reading data set           19
 Reading data set           20
 Reading data set           21
 Reading data set           22
 Reading data set           23
 Reading data set           24
 Reading data set           25
 Reading data set           26
 Reading data set           27
 Reading data set           28
 Reading data set           29
 Reading data set           30
 Reading data set           31
 Reading data set           32
 Reading data set           33
 Reading data set           34
 Reading data set           35
 Reading data set           36
 Reading data set           37
 Reading data set           38
 Reading data set           39
 Reading data set           40
 Verification being performed for class A
 accuracy setting for epsilon =  0.1000000000000E-07
 Comparison of RMS-norms of residual
           1 0.1080634671464E+03 0.1080634671464E+03 0.7101254243319E-14
           2 0.1131973090122E+02 0.1131973090122E+02 0.9415542762816E-15
           3 0.2597435451158E+02 0.2597435451158E+02 0.6838887328685E-15
           4 0.2366562254468E+02 0.2366562254468E+02 0.6455215276928E-14
           5 0.2527896321175E+03 0.2527896321175E+03 0.1259241302557E-13
 Comparison of RMS-norms of solution error
           1 0.6482218724961E+02 0.6482218724961E+02 0.4976481290162E-13
           2 0.5066461714527E+01 0.5066461714527E+01 0.7117401822347E-13
           3 0.1613931961359E+02 0.1613931961359E+02 0.4820799849593E-13
           4 0.1452010201481E+02 0.1452010201481E+02 0.2249791512708E-12
           5 0.1420099377681E+03 0.1420099377681E+03 0.1236858258235E-12
 Verification Successful

 BTIO -- statistics:
   I/O timing in seconds   :           1.72
   I/O timing percentage   :           8.64
   Total data written (MB) :         419.43
   I/O data rate  (MB/sec) :         244.38


 BT Benchmark Completed.
 Class           =                        A
 Size            =             64x  64x  64
 Iterations      =                      200
 Time in seconds =                    19.87
 Total processes =                        4
 Compiled procs  =                        4
 Mop/s total     =                  8467.20
 Mop/s/process   =                  2116.80
 Operation type  =           floating point
 Verification    =               SUCCESSFUL
 Version         =                    3.3.1
 Compile date    =              20 Jan 2017

 Compile options:
    MPIF77       = mpif77
    FLINK        = $(MPIF77)
    FMPI_LIB     = (none)
    FMPI_INC     = (none)
    FFLAGS       = -O
    FLINKFLAGS   = -O
    RAND         = (none)


 Please send feedbacks and/or the results of this run to:

 NPB Development Team 
 Internet: npb@nas.nasa.gov


All Threads are finished.
Creating topology file for slurm frontend node ml048 for SLURM_JOB_ID 1177212
Generated topology file: ./cbtfAutoTopology
file name:  /turquoise/usr/projects/workflow_perf/NPB3.3.1_ml/run/2017-08-29_13:09/ossiot_bt-io-A4/ossiot_mpirun_bt.A.4.mpi_io_full_1504033758.bt-io
file name:  /turquoise/usr/projects/workflow_perf/NPB3.3.1_ml/run/2017-08-29_13:09/ossiot_bt-io-A4/ossiot_mpirun_bt.A.4.mpi_io_full_1504033792.bt-io
file name:  /turquoise/usr/projects/workflow_perf/NPB3.3.1_ml/run/2017-08-29_13:09/ossiot_bt-io-A4/osspcsamp_mpirun_bt.A.4.mpi_io_full_1504033827.bt-io
file name:  /turquoise/usr/projects/workflow_perf/NPB3.3.1_ml/run/2017-08-29_13:09/ossiot_bt-io-A4/osspcsamp_mpirun_bt.A.4.mpi_io_full_1504033861.bt-io
DATAFILE DIRECTORY=/turquoise/usr/projects/workflow_perf/NPB3.3.1_ml/run/2017-08-29_13:09/ossiot_bt-io-A4
Tue Aug 29 13:11:35 MDT 2017
Done
