Wed Oct 25 14:27:39 2017: CRITICAL  : Started LDMS Daemon with authentication version 3.4.4. LDMSD Interface Version 3.2.2.0. LDMS Protocol Version 3.3.0.0. git-SHA bfc06a169fe12c48c659549f3bced434b85116b6
Wed Oct 25 14:27:39 2017: INFO      : Listening on transport sock:60412
Wed Oct 25 14:27:39 2017: INFO      : Producer wc112 is connected
Wed Oct 25 14:27:39 2017: INFO      : Adding the metric set '0/meminfo'
Wed Oct 25 14:27:39 2017: INFO      : Adding the metric set '0/procstat'
Wed Oct 25 14:27:39 2017: INFO      : Set 0/meminfo is ready
Wed Oct 25 14:27:39 2017: INFO      : Set 0/procstat is ready
Wed Oct 25 14:27:39 2017: INFO      : Producer wc115 is connected
Wed Oct 25 14:27:39 2017: INFO      : Adding the metric set '3/meminfo'
Wed Oct 25 14:27:39 2017: INFO      : Adding the metric set '3/procstat'
Wed Oct 25 14:27:39 2017: INFO      : Set 3/meminfo is ready
Wed Oct 25 14:27:39 2017: INFO      : Set 3/procstat is ready
Wed Oct 25 14:27:39 2017: INFO      : Producer wc114 is connected
Wed Oct 25 14:27:39 2017: INFO      : Adding the metric set '2/meminfo'
Wed Oct 25 14:27:39 2017: INFO      : Adding the metric set '2/procstat'
Wed Oct 25 14:27:39 2017: INFO      : Set 2/meminfo is ready
Wed Oct 25 14:27:39 2017: INFO      : Set 2/procstat is ready
Wed Oct 25 14:27:39 2017: INFO      : Producer wc113 is connected
Wed Oct 25 14:27:39 2017: INFO      : Adding the metric set '1/meminfo'
Wed Oct 25 14:27:39 2017: INFO      : Adding the metric set '1/procstat'
Wed Oct 25 14:27:39 2017: INFO      : Set 1/meminfo is ready
Wed Oct 25 14:27:39 2017: INFO      : Set 1/procstat is ready
Wed Oct 25 14:27:40 2017: DEBUG     : Schedule an update for set 2/meminfo
Wed Oct 25 14:27:40 2017: DEBUG     : Schedule an update for set 2/procstat
Wed Oct 25 14:27:40 2017: DEBUG     : Schedule an update for set 0/meminfo
Wed Oct 25 14:27:40 2017: DEBUG     : Schedule an update for set 3/meminfo
Wed Oct 25 14:27:40 2017: DEBUG     : Schedule an update for set 1/meminfo
Wed Oct 25 14:27:40 2017: DEBUG     : Schedule an update for set 0/procstat
Wed Oct 25 14:27:40 2017: DEBUG     : Schedule an update for set 3/procstat
Wed Oct 25 14:27:40 2017: DEBUG     : Schedule an update for set 1/procstat
Wed Oct 25 14:27:40 2017: DEBUG     : Update complete for Set 0/meminfo with status 0
Wed Oct 25 14:27:40 2017: DEBUG     : Update complete for Set 2/meminfo with status 0
Wed Oct 25 14:27:40 2017: DEBUG     : Update complete for Set 3/meminfo with status 0
Wed Oct 25 14:27:40 2017: DEBUG     : Update complete for Set 1/meminfo with status 0
Wed Oct 25 14:27:40 2017: DEBUG     : Update complete for Set 0/procstat with status 0
Wed Oct 25 14:27:40 2017: DEBUG     : Update complete for Set 2/procstat with status 0
Wed Oct 25 14:27:40 2017: DEBUG     : Update complete for Set 3/procstat with status 0
Wed Oct 25 14:27:40 2017: DEBUG     : Update complete for Set 1/procstat with status 0
Wed Oct 25 14:27:41 2017: DEBUG     : Schedule an update for set 2/meminfo
Wed Oct 25 14:27:41 2017: DEBUG     : Schedule an update for set 2/procstat
Wed Oct 25 14:27:41 2017: DEBUG     : Schedule an update for set 0/meminfo
Wed Oct 25 14:27:41 2017: DEBUG     : Schedule an update for set 1/meminfo
Wed Oct 25 14:27:41 2017: DEBUG     : Schedule an update for set 3/meminfo
Wed Oct 25 14:27:41 2017: DEBUG     : Schedule an update for set 0/procstat
Wed Oct 25 14:27:41 2017: DEBUG     : Schedule an update for set 1/procstat
Wed Oct 25 14:27:41 2017: DEBUG     : Schedule an update for set 3/procstat
Wed Oct 25 14:27:41 2017: DEBUG     : Update complete for Set 0/meminfo with status 0
Wed Oct 25 14:27:41 2017: DEBUG     : Update complete for Set 0/procstat with status 0
Wed Oct 25 14:27:41 2017: DEBUG     : Update complete for Set 2/meminfo with status 0
Wed Oct 25 14:27:41 2017: DEBUG     : Update complete for Set 2/procstat with status 0
Wed Oct 25 14:27:41 2017: DEBUG     : Update complete for Set 1/meminfo with status 0
Wed Oct 25 14:27:41 2017: DEBUG     : Update complete for Set 3/meminfo with status 0
Wed Oct 25 14:27:41 2017: DEBUG     : Update complete for Set 1/procstat with status 0
Wed Oct 25 14:27:41 2017: DEBUG     : Update complete for Set 3/procstat with status 0
Wed Oct 25 14:27:42 2017: DEBUG     : Schedule an update for set 2/meminfo
Wed Oct 25 14:27:42 2017: DEBUG     : Schedule an update for set 0/meminfo
Wed Oct 25 14:27:42 2017: DEBUG     : Schedule an update for set 1/meminfo
Wed Oct 25 14:27:42 2017: DEBUG     : Schedule an update for set 3/meminfo
Wed Oct 25 14:27:42 2017: DEBUG     : Schedule an update for set 2/procstat
Wed Oct 25 14:27:42 2017: DEBUG     : Schedule an update for set 3/procstat
Wed Oct 25 14:27:42 2017: DEBUG     : Schedule an update for set 0/procstat
Wed Oct 25 14:27:42 2017: DEBUG     : Schedule an update for set 1/procstat
Wed Oct 25 14:27:42 2017: DEBUG     : Update complete for Set 0/meminfo with status 0
Wed Oct 25 14:27:42 2017: DEBUG     : Update complete for Set 0/procstat with status 0
Wed Oct 25 14:27:42 2017: DEBUG     : Update complete for Set 2/meminfo with status 0
Wed Oct 25 14:27:42 2017: DEBUG     : Update complete for Set 1/meminfo with status 0
Wed Oct 25 14:27:42 2017: DEBUG     : Update complete for Set 3/meminfo with status 0
Wed Oct 25 14:27:42 2017: DEBUG     : Update complete for Set 2/procstat with status 0
Wed Oct 25 14:27:42 2017: DEBUG     : Update complete for Set 1/procstat with status 0
Wed Oct 25 14:27:42 2017: DEBUG     : Update complete for Set 3/procstat with status 0
Wed Oct 25 14:27:43 2017: DEBUG     : Schedule an update for set 2/meminfo
Wed Oct 25 14:27:43 2017: DEBUG     : Schedule an update for set 3/meminfo
Wed Oct 25 14:27:43 2017: DEBUG     : Schedule an update for set 0/meminfo
Wed Oct 25 14:27:43 2017: DEBUG     : Schedule an update for set 2/procstat
Wed Oct 25 14:27:43 2017: DEBUG     : Schedule an update for set 3/procstat
Wed Oct 25 14:27:43 2017: DEBUG     : Schedule an update for set 1/meminfo
Wed Oct 25 14:27:43 2017: DEBUG     : Schedule an update for set 0/procstat
Wed Oct 25 14:27:43 2017: DEBUG     : Schedule an update for set 1/procstat
Wed Oct 25 14:27:43 2017: DEBUG     : Update complete for Set 0/meminfo with status 0
Wed Oct 25 14:27:43 2017: DEBUG     : Update complete for Set 0/procstat with status 0
Wed Oct 25 14:27:43 2017: DEBUG     : Update complete for Set 2/meminfo with status 0
Wed Oct 25 14:27:43 2017: DEBUG     : Update complete for Set 3/meminfo with status 0
Wed Oct 25 14:27:43 2017: DEBUG     : Update complete for Set 1/meminfo with status 0
Wed Oct 25 14:27:43 2017: DEBUG     : Update complete for Set 2/procstat with status 0
Wed Oct 25 14:27:43 2017: DEBUG     : Update complete for Set 3/procstat with status 0
Wed Oct 25 14:27:43 2017: DEBUG     : Update complete for Set 1/procstat with status 0
Wed Oct 25 14:27:44 2017: DEBUG     : Schedule an update for set 3/meminfo
Wed Oct 25 14:27:44 2017: DEBUG     : Schedule an update for set 0/meminfo
Wed Oct 25 14:27:44 2017: DEBUG     : Schedule an update for set 3/procstat
Wed Oct 25 14:27:44 2017: DEBUG     : Schedule an update for set 0/procstat
Wed Oct 25 14:27:44 2017: DEBUG     : Update complete for Set 0/meminfo with status 0
Wed Oct 25 14:27:44 2017: DEBUG     : Update complete for Set 0/procstat with status 0
Wed Oct 25 14:27:44 2017: DEBUG     : Update complete for Set 3/meminfo with status 0
Wed Oct 25 14:27:44 2017: DEBUG     : Update complete for Set 3/procstat with status 0
Wed Oct 25 14:27:44 2017: DEBUG     : Schedule an update for set 2/meminfo
Wed Oct 25 14:27:44 2017: DEBUG     : Schedule an update for set 2/procstat
Wed Oct 25 14:27:44 2017: DEBUG     : Schedule an update for set 1/meminfo
Wed Oct 25 14:27:44 2017: DEBUG     : Schedule an update for set 1/procstat
Wed Oct 25 14:27:44 2017: DEBUG     : Update complete for Set 2/meminfo with status 0
Wed Oct 25 14:27:44 2017: DEBUG     : Update complete for Set 1/meminfo with status 0
Wed Oct 25 14:27:44 2017: DEBUG     : Update complete for Set 2/procstat with status 0
Wed Oct 25 14:27:44 2017: DEBUG     : Update complete for Set 1/procstat with status 0
Wed Oct 25 14:27:45 2017: DEBUG     : Schedule an update for set 2/meminfo
Wed Oct 25 14:27:45 2017: DEBUG     : Schedule an update for set 2/procstat
Wed Oct 25 14:27:45 2017: DEBUG     : Schedule an update for set 1/meminfo
Wed Oct 25 14:27:45 2017: DEBUG     : Schedule an update for set 1/procstat
Wed Oct 25 14:27:45 2017: DEBUG     : Schedule an update for set 0/meminfo
Wed Oct 25 14:27:45 2017: DEBUG     : Schedule an update for set 3/meminfo
Wed Oct 25 14:27:45 2017: DEBUG     : Schedule an update for set 0/procstat
Wed Oct 25 14:27:45 2017: DEBUG     : Schedule an update for set 3/procstat
Wed Oct 25 14:27:45 2017: DEBUG     : Update complete for Set 2/meminfo with status 0
Wed Oct 25 14:27:45 2017: DEBUG     : Update complete for Set 0/meminfo with status 0
Wed Oct 25 14:27:45 2017: DEBUG     : Update complete for Set 2/procstat with status 0
Wed Oct 25 14:27:45 2017: DEBUG     : Update complete for Set 0/procstat with status 0
Wed Oct 25 14:27:45 2017: DEBUG     : Update complete for Set 1/meminfo with status 0
Wed Oct 25 14:27:45 2017: DEBUG     : Update complete for Set 1/procstat with status 0
Wed Oct 25 14:27:45 2017: DEBUG     : Update complete for Set 3/meminfo with status 0
Wed Oct 25 14:27:45 2017: DEBUG     : Update complete for Set 3/procstat with status 0
Wed Oct 25 14:27:46 2017: DEBUG     : Schedule an update for set 2/meminfo
Wed Oct 25 14:27:46 2017: DEBUG     : Schedule an update for set 2/procstat
Wed Oct 25 14:27:46 2017: DEBUG     : Schedule an update for set 1/meminfo
Wed Oct 25 14:27:46 2017: DEBUG     : Schedule an update for set 1/procstat
Wed Oct 25 14:27:46 2017: DEBUG     : Schedule an update for set 3/meminfo
Wed Oct 25 14:27:46 2017: DEBUG     : Schedule an update for set 0/meminfo
Wed Oct 25 14:27:46 2017: DEBUG     : Schedule an update for set 3/procstat
Wed Oct 25 14:27:46 2017: DEBUG     : Schedule an update for set 0/procstat
Wed Oct 25 14:27:46 2017: DEBUG     : Update complete for Set 2/meminfo with status 0
Wed Oct 25 14:27:46 2017: DEBUG     : Update complete for Set 2/procstat with status 0
Wed Oct 25 14:27:46 2017: DEBUG     : Update complete for Set 0/meminfo with status 0
Wed Oct 25 14:27:46 2017: DEBUG     : Update complete for Set 1/meminfo with status 0
Wed Oct 25 14:27:46 2017: DEBUG     : Update complete for Set 0/procstat with status 0
Wed Oct 25 14:27:46 2017: DEBUG     : Update complete for Set 3/meminfo with status 0
Wed Oct 25 14:27:46 2017: DEBUG     : Update complete for Set 1/procstat with status 0
Wed Oct 25 14:27:46 2017: DEBUG     : Update complete for Set 3/procstat with status 0
Wed Oct 25 14:27:47 2017: DEBUG     : Schedule an update for set 2/meminfo
Wed Oct 25 14:27:47 2017: DEBUG     : Schedule an update for set 3/meminfo
Wed Oct 25 14:27:47 2017: DEBUG     : Schedule an update for set 2/procstat
Wed Oct 25 14:27:47 2017: DEBUG     : Schedule an update for set 3/procstat
Wed Oct 25 14:27:47 2017: DEBUG     : Schedule an update for set 1/meminfo
Wed Oct 25 14:27:47 2017: DEBUG     : Schedule an update for set 1/procstat
Wed Oct 25 14:27:47 2017: DEBUG     : Schedule an update for set 0/meminfo
Wed Oct 25 14:27:47 2017: DEBUG     : Schedule an update for set 0/procstat
Wed Oct 25 14:27:47 2017: DEBUG     : Update complete for Set 2/meminfo with status 0
Wed Oct 25 14:27:47 2017: DEBUG     : Update complete for Set 3/meminfo with status 0
Wed Oct 25 14:27:47 2017: DEBUG     : Update complete for Set 2/procstat with status 0
Wed Oct 25 14:27:47 2017: DEBUG     : Update complete for Set 0/meminfo with status 0
Wed Oct 25 14:27:47 2017: DEBUG     : Update complete for Set 3/procstat with status 0
Wed Oct 25 14:27:47 2017: DEBUG     : Update complete for Set 1/meminfo with status 0
Wed Oct 25 14:27:47 2017: DEBUG     : Update complete for Set 0/procstat with status 0
Wed Oct 25 14:27:47 2017: DEBUG     : Update complete for Set 1/procstat with status 0
Wed Oct 25 14:27:48 2017: DEBUG     : Schedule an update for set 2/meminfo
Wed Oct 25 14:27:48 2017: DEBUG     : Schedule an update for set 3/meminfo
Wed Oct 25 14:27:48 2017: DEBUG     : Schedule an update for set 1/meminfo
Wed Oct 25 14:27:48 2017: DEBUG     : Schedule an update for set 0/meminfo
Wed Oct 25 14:27:48 2017: DEBUG     : Schedule an update for set 2/procstat
Wed Oct 25 14:27:48 2017: DEBUG     : Schedule an update for set 3/procstat
Wed Oct 25 14:27:48 2017: DEBUG     : Schedule an update for set 1/procstat
Wed Oct 25 14:27:48 2017: DEBUG     : Schedule an update for set 0/procstat
Wed Oct 25 14:27:48 2017: DEBUG     : Update complete for Set 0/meminfo with status 0
Wed Oct 25 14:27:48 2017: DEBUG     : Update complete for Set 0/procstat with status 0
Wed Oct 25 14:27:48 2017: DEBUG     : Update complete for Set 2/meminfo with status 0
Wed Oct 25 14:27:48 2017: DEBUG     : Update complete for Set 3/meminfo with status 0
Wed Oct 25 14:27:48 2017: DEBUG     : Update complete for Set 1/meminfo with status 0
Wed Oct 25 14:27:48 2017: DEBUG     : Update complete for Set 2/procstat with status 0
Wed Oct 25 14:27:48 2017: DEBUG     : Update complete for Set 3/procstat with status 0
Wed Oct 25 14:27:48 2017: DEBUG     : Update complete for Set 1/procstat with status 0
Wed Oct 25 14:27:49 2017: DEBUG     : Schedule an update for set 3/meminfo
Wed Oct 25 14:27:49 2017: DEBUG     : Schedule an update for set 3/procstat
Wed Oct 25 14:27:49 2017: DEBUG     : Schedule an update for set 1/meminfo
Wed Oct 25 14:27:49 2017: DEBUG     : Schedule an update for set 1/procstat
Wed Oct 25 14:27:49 2017: DEBUG     : Schedule an update for set 2/meminfo
Wed Oct 25 14:27:49 2017: DEBUG     : Schedule an update for set 2/procstat
Wed Oct 25 14:27:49 2017: DEBUG     : Schedule an update for set 0/meminfo
Wed Oct 25 14:27:49 2017: DEBUG     : Schedule an update for set 0/procstat
Wed Oct 25 14:27:49 2017: DEBUG     : Update complete for Set 0/meminfo with status 0
Wed Oct 25 14:27:49 2017: DEBUG     : Update complete for Set 0/procstat with status 0
Wed Oct 25 14:27:49 2017: DEBUG     : Update complete for Set 3/meminfo with status 0
Wed Oct 25 14:27:49 2017: DEBUG     : Update complete for Set 3/procstat with status 0
Wed Oct 25 14:27:49 2017: DEBUG     : Update complete for Set 1/meminfo with status 0
Wed Oct 25 14:27:49 2017: DEBUG     : Update complete for Set 1/procstat with status 0
Wed Oct 25 14:27:49 2017: DEBUG     : Update complete for Set 2/meminfo with status 0
Wed Oct 25 14:27:49 2017: DEBUG     : Update complete for Set 2/procstat with status 0
Wed Oct 25 14:27:50 2017: DEBUG     : Schedule an update for set 1/meminfo
Wed Oct 25 14:27:50 2017: DEBUG     : Schedule an update for set 1/procstat
Wed Oct 25 14:27:50 2017: DEBUG     : Schedule an update for set 2/meminfo
Wed Oct 25 14:27:50 2017: DEBUG     : Schedule an update for set 2/procstat
Wed Oct 25 14:27:50 2017: DEBUG     : Schedule an update for set 3/meminfo
Wed Oct 25 14:27:50 2017: DEBUG     : Schedule an update for set 3/procstat
Wed Oct 25 14:27:50 2017: DEBUG     : Schedule an update for set 0/meminfo
Wed Oct 25 14:27:50 2017: DEBUG     : Schedule an update for set 0/procstat
Wed Oct 25 14:27:50 2017: DEBUG     : Update complete for Set 0/meminfo with status 0
Wed Oct 25 14:27:50 2017: DEBUG     : Update complete for Set 0/procstat with status 0
Wed Oct 25 14:27:50 2017: DEBUG     : Update complete for Set 1/meminfo with status 0
Wed Oct 25 14:27:50 2017: DEBUG     : Update complete for Set 1/procstat with status 0
Wed Oct 25 14:27:50 2017: DEBUG     : Update complete for Set 2/meminfo with status 0
Wed Oct 25 14:27:50 2017: DEBUG     : Update complete for Set 2/procstat with status 0
Wed Oct 25 14:27:50 2017: DEBUG     : Update complete for Set 3/meminfo with status 0
Wed Oct 25 14:27:50 2017: DEBUG     : Update complete for Set 3/procstat with status 0
Wed Oct 25 14:27:51 2017: DEBUG     : Schedule an update for set 2/meminfo
Wed Oct 25 14:27:51 2017: DEBUG     : Schedule an update for set 2/procstat
Wed Oct 25 14:27:51 2017: DEBUG     : Schedule an update for set 3/meminfo
Wed Oct 25 14:27:51 2017: DEBUG     : Schedule an update for set 3/procstat
Wed Oct 25 14:27:51 2017: DEBUG     : Schedule an update for set 1/meminfo
Wed Oct 25 14:27:51 2017: DEBUG     : Schedule an update for set 1/procstat
Wed Oct 25 14:27:51 2017: DEBUG     : Schedule an update for set 0/meminfo
Wed Oct 25 14:27:51 2017: DEBUG     : Schedule an update for set 0/procstat
Wed Oct 25 14:27:51 2017: DEBUG     : Update complete for Set 0/meminfo with status 0
Wed Oct 25 14:27:51 2017: DEBUG     : Update complete for Set 0/procstat with status 0
Wed Oct 25 14:27:51 2017: DEBUG     : Update complete for Set 2/meminfo with status 0
Wed Oct 25 14:27:51 2017: DEBUG     : Update complete for Set 2/procstat with status 0
Wed Oct 25 14:27:51 2017: DEBUG     : Update complete for Set 1/meminfo with status 0
Wed Oct 25 14:27:51 2017: DEBUG     : Update complete for Set 1/procstat with status 0
Wed Oct 25 14:27:51 2017: DEBUG     : Update complete for Set 3/meminfo with status 0
Wed Oct 25 14:27:51 2017: DEBUG     : Update complete for Set 3/procstat with status 0
Wed Oct 25 14:27:52 2017: DEBUG     : Schedule an update for set 3/meminfo
Wed Oct 25 14:27:52 2017: DEBUG     : Schedule an update for set 3/procstat
Wed Oct 25 14:27:52 2017: DEBUG     : Schedule an update for set 1/meminfo
Wed Oct 25 14:27:52 2017: DEBUG     : Schedule an update for set 1/procstat
Wed Oct 25 14:27:52 2017: DEBUG     : Schedule an update for set 2/meminfo
Wed Oct 25 14:27:52 2017: DEBUG     : Schedule an update for set 2/procstat
Wed Oct 25 14:27:52 2017: DEBUG     : Schedule an update for set 0/meminfo
Wed Oct 25 14:27:52 2017: DEBUG     : Schedule an update for set 0/procstat
Wed Oct 25 14:27:52 2017: DEBUG     : Update complete for Set 0/meminfo with status 0
Wed Oct 25 14:27:52 2017: DEBUG     : Update complete for Set 0/procstat with status 0
Wed Oct 25 14:27:52 2017: DEBUG     : Update complete for Set 1/meminfo with status 0
Wed Oct 25 14:27:52 2017: DEBUG     : Update complete for Set 1/procstat with status 0
Wed Oct 25 14:27:52 2017: DEBUG     : Update complete for Set 3/meminfo with status 0
Wed Oct 25 14:27:52 2017: DEBUG     : Update complete for Set 3/procstat with status 0
Wed Oct 25 14:27:52 2017: DEBUG     : Update complete for Set 2/meminfo with status 0
Wed Oct 25 14:27:52 2017: DEBUG     : Update complete for Set 2/procstat with status 0
Wed Oct 25 14:27:53 2017: DEBUG     : Schedule an update for set 1/meminfo
Wed Oct 25 14:27:53 2017: DEBUG     : Schedule an update for set 1/procstat
Wed Oct 25 14:27:53 2017: DEBUG     : Schedule an update for set 2/meminfo
Wed Oct 25 14:27:53 2017: DEBUG     : Schedule an update for set 2/procstat
Wed Oct 25 14:27:53 2017: DEBUG     : Schedule an update for set 3/meminfo
Wed Oct 25 14:27:53 2017: DEBUG     : Schedule an update for set 3/procstat
Wed Oct 25 14:27:53 2017: DEBUG     : Schedule an update for set 0/meminfo
Wed Oct 25 14:27:53 2017: DEBUG     : Schedule an update for set 0/procstat
Wed Oct 25 14:27:53 2017: DEBUG     : Update complete for Set 0/meminfo with status 0
Wed Oct 25 14:27:53 2017: DEBUG     : Update complete for Set 0/procstat with status 0
Wed Oct 25 14:27:53 2017: DEBUG     : Update complete for Set 1/meminfo with status 0
Wed Oct 25 14:27:53 2017: DEBUG     : Update complete for Set 1/procstat with status 0
Wed Oct 25 14:27:53 2017: DEBUG     : Update complete for Set 2/meminfo with status 0
Wed Oct 25 14:27:53 2017: DEBUG     : Update complete for Set 2/procstat with status 0
Wed Oct 25 14:27:53 2017: DEBUG     : Update complete for Set 3/meminfo with status 0
Wed Oct 25 14:27:53 2017: DEBUG     : Update complete for Set 3/procstat with status 0
Wed Oct 25 14:27:54 2017: DEBUG     : Schedule an update for set 2/meminfo
Wed Oct 25 14:27:54 2017: DEBUG     : Schedule an update for set 2/procstat
Wed Oct 25 14:27:54 2017: DEBUG     : Schedule an update for set 3/meminfo
Wed Oct 25 14:27:54 2017: DEBUG     : Schedule an update for set 3/procstat
Wed Oct 25 14:27:54 2017: DEBUG     : Schedule an update for set 0/meminfo
Wed Oct 25 14:27:54 2017: DEBUG     : Schedule an update for set 0/procstat
Wed Oct 25 14:27:54 2017: DEBUG     : Update complete for Set 0/meminfo with status 0
Wed Oct 25 14:27:54 2017: DEBUG     : Update complete for Set 0/procstat with status 0
Wed Oct 25 14:27:54 2017: DEBUG     : Schedule an update for set 1/meminfo
Wed Oct 25 14:27:54 2017: DEBUG     : Schedule an update for set 1/procstat
Wed Oct 25 14:27:54 2017: DEBUG     : Update complete for Set 3/meminfo with status 0
Wed Oct 25 14:27:54 2017: DEBUG     : Update complete for Set 3/procstat with status 0
Wed Oct 25 14:27:54 2017: DEBUG     : Update complete for Set 2/meminfo with status 0
Wed Oct 25 14:27:54 2017: DEBUG     : Update complete for Set 2/procstat with status 0
Wed Oct 25 14:27:54 2017: DEBUG     : Update complete for Set 1/meminfo with status 0
Wed Oct 25 14:27:54 2017: DEBUG     : Update complete for Set 1/procstat with status 0
Wed Oct 25 14:27:55 2017: DEBUG     : Schedule an update for set 3/meminfo
Wed Oct 25 14:27:55 2017: DEBUG     : Schedule an update for set 3/procstat
Wed Oct 25 14:27:55 2017: DEBUG     : Schedule an update for set 1/meminfo
Wed Oct 25 14:27:55 2017: DEBUG     : Schedule an update for set 1/procstat
Wed Oct 25 14:27:55 2017: DEBUG     : Schedule an update for set 2/meminfo
Wed Oct 25 14:27:55 2017: DEBUG     : Schedule an update for set 2/procstat
Wed Oct 25 14:27:55 2017: DEBUG     : Schedule an update for set 0/meminfo
Wed Oct 25 14:27:55 2017: DEBUG     : Schedule an update for set 0/procstat
Wed Oct 25 14:27:55 2017: DEBUG     : Update complete for Set 0/meminfo with status 0
Wed Oct 25 14:27:55 2017: DEBUG     : Update complete for Set 0/procstat with status 0
Wed Oct 25 14:27:55 2017: DEBUG     : Update complete for Set 1/meminfo with status 0
Wed Oct 25 14:27:55 2017: DEBUG     : Update complete for Set 1/procstat with status 0
Wed Oct 25 14:27:55 2017: DEBUG     : Update complete for Set 3/meminfo with status 0
Wed Oct 25 14:27:55 2017: DEBUG     : Update complete for Set 3/procstat with status 0
Wed Oct 25 14:27:55 2017: DEBUG     : Update complete for Set 2/meminfo with status 0
Wed Oct 25 14:27:55 2017: DEBUG     : Update complete for Set 2/procstat with status 0
Wed Oct 25 14:27:56 2017: DEBUG     : Schedule an update for set 3/meminfo
Wed Oct 25 14:27:56 2017: DEBUG     : Schedule an update for set 3/procstat
Wed Oct 25 14:27:56 2017: DEBUG     : Schedule an update for set 1/meminfo
Wed Oct 25 14:27:56 2017: DEBUG     : Schedule an update for set 1/procstat
Wed Oct 25 14:27:56 2017: DEBUG     : Schedule an update for set 2/meminfo
Wed Oct 25 14:27:56 2017: DEBUG     : Schedule an update for set 2/procstat
Wed Oct 25 14:27:56 2017: DEBUG     : Schedule an update for set 0/meminfo
Wed Oct 25 14:27:56 2017: DEBUG     : Schedule an update for set 0/procstat
Wed Oct 25 14:27:56 2017: DEBUG     : Update complete for Set 0/meminfo with status 0
Wed Oct 25 14:27:56 2017: DEBUG     : Update complete for Set 0/procstat with status 0
Wed Oct 25 14:27:56 2017: DEBUG     : Update complete for Set 1/meminfo with status 0
Wed Oct 25 14:27:56 2017: DEBUG     : Update complete for Set 1/procstat with status 0
Wed Oct 25 14:27:56 2017: DEBUG     : Update complete for Set 3/meminfo with status 0
Wed Oct 25 14:27:56 2017: DEBUG     : Update complete for Set 3/procstat with status 0
Wed Oct 25 14:27:56 2017: DEBUG     : Update complete for Set 2/meminfo with status 0
Wed Oct 25 14:27:56 2017: DEBUG     : Update complete for Set 2/procstat with status 0
Wed Oct 25 14:27:57 2017: DEBUG     : Schedule an update for set 3/meminfo
Wed Oct 25 14:27:57 2017: DEBUG     : Schedule an update for set 3/procstat
Wed Oct 25 14:27:57 2017: DEBUG     : Schedule an update for set 1/meminfo
Wed Oct 25 14:27:57 2017: DEBUG     : Schedule an update for set 1/procstat
Wed Oct 25 14:27:57 2017: DEBUG     : Schedule an update for set 2/meminfo
Wed Oct 25 14:27:57 2017: DEBUG     : Schedule an update for set 2/procstat
Wed Oct 25 14:27:57 2017: DEBUG     : Schedule an update for set 0/meminfo
Wed Oct 25 14:27:57 2017: DEBUG     : Schedule an update for set 0/procstat
Wed Oct 25 14:27:57 2017: DEBUG     : Update complete for Set 0/meminfo with status 0
Wed Oct 25 14:27:57 2017: DEBUG     : Update complete for Set 0/procstat with status 0
Wed Oct 25 14:27:57 2017: DEBUG     : Update complete for Set 1/meminfo with status 0
Wed Oct 25 14:27:57 2017: DEBUG     : Update complete for Set 1/procstat with status 0
Wed Oct 25 14:27:57 2017: DEBUG     : Update complete for Set 3/meminfo with status 0
Wed Oct 25 14:27:57 2017: DEBUG     : Update complete for Set 3/procstat with status 0
Wed Oct 25 14:27:57 2017: DEBUG     : Update complete for Set 2/meminfo with status 0
Wed Oct 25 14:27:57 2017: DEBUG     : Update complete for Set 2/procstat with status 0
Wed Oct 25 14:27:58 2017: DEBUG     : Schedule an update for set 3/meminfo
Wed Oct 25 14:27:58 2017: DEBUG     : Schedule an update for set 1/meminfo
Wed Oct 25 14:27:58 2017: DEBUG     : Schedule an update for set 3/procstat
Wed Oct 25 14:27:58 2017: DEBUG     : Schedule an update for set 2/meminfo
Wed Oct 25 14:27:58 2017: DEBUG     : Schedule an update for set 0/meminfo
Wed Oct 25 14:27:58 2017: DEBUG     : Schedule an update for set 1/procstat
Wed Oct 25 14:27:58 2017: DEBUG     : Schedule an update for set 0/procstat
Wed Oct 25 14:27:58 2017: DEBUG     : Schedule an update for set 2/procstat
Wed Oct 25 14:27:58 2017: DEBUG     : Update complete for Set 0/meminfo with status 0
Wed Oct 25 14:27:58 2017: DEBUG     : Update complete for Set 0/procstat with status 0
Wed Oct 25 14:27:58 2017: DEBUG     : Update complete for Set 3/meminfo with status 0
Wed Oct 25 14:27:58 2017: DEBUG     : Update complete for Set 1/meminfo with status 0
Wed Oct 25 14:27:58 2017: DEBUG     : Update complete for Set 2/meminfo with status 0
Wed Oct 25 14:27:58 2017: DEBUG     : Update complete for Set 1/procstat with status 0
Wed Oct 25 14:27:58 2017: DEBUG     : Update complete for Set 2/procstat with status 0
Wed Oct 25 14:27:58 2017: DEBUG     : Update complete for Set 3/procstat with status 0
Wed Oct 25 14:27:59 2017: DEBUG     : Schedule an update for set 3/meminfo
Wed Oct 25 14:27:59 2017: DEBUG     : Schedule an update for set 3/procstat
Wed Oct 25 14:27:59 2017: DEBUG     : Schedule an update for set 0/meminfo
Wed Oct 25 14:27:59 2017: DEBUG     : Schedule an update for set 2/meminfo
Wed Oct 25 14:27:59 2017: DEBUG     : Schedule an update for set 1/meminfo
Wed Oct 25 14:27:59 2017: DEBUG     : Schedule an update for set 0/procstat
Wed Oct 25 14:27:59 2017: DEBUG     : Schedule an update for set 1/procstat
Wed Oct 25 14:27:59 2017: DEBUG     : Schedule an update for set 2/procstat
Wed Oct 25 14:27:59 2017: DEBUG     : Update complete for Set 0/meminfo with status 0
Wed Oct 25 14:27:59 2017: DEBUG     : Update complete for Set 0/procstat with status 0
Wed Oct 25 14:27:59 2017: DEBUG     : Update complete for Set 3/meminfo with status 0
Wed Oct 25 14:27:59 2017: DEBUG     : Update complete for Set 2/meminfo with status 0
Wed Oct 25 14:27:59 2017: DEBUG     : Update complete for Set 1/meminfo with status 0
Wed Oct 25 14:27:59 2017: DEBUG     : Update complete for Set 1/procstat with status 0
Wed Oct 25 14:27:59 2017: DEBUG     : Update complete for Set 3/procstat with status 0
Wed Oct 25 14:27:59 2017: DEBUG     : Update complete for Set 2/procstat with status 0
Wed Oct 25 14:28:00 2017: DEBUG     : Schedule an update for set 3/meminfo
Wed Oct 25 14:28:00 2017: DEBUG     : Schedule an update for set 0/meminfo
Wed Oct 25 14:28:00 2017: DEBUG     : Schedule an update for set 1/meminfo
Wed Oct 25 14:28:00 2017: DEBUG     : Schedule an update for set 1/procstat
Wed Oct 25 14:28:00 2017: DEBUG     : Schedule an update for set 2/meminfo
Wed Oct 25 14:28:00 2017: DEBUG     : Schedule an update for set 2/procstat
Wed Oct 25 14:28:00 2017: DEBUG     : Schedule an update for set 3/procstat
Wed Oct 25 14:28:00 2017: DEBUG     : Schedule an update for set 0/procstat
Wed Oct 25 14:28:00 2017: DEBUG     : Update complete for Set 0/meminfo with status 0
Wed Oct 25 14:28:00 2017: DEBUG     : Update complete for Set 3/meminfo with status 0
Wed Oct 25 14:28:00 2017: DEBUG     : Update complete for Set 1/meminfo with status 0
Wed Oct 25 14:28:00 2017: DEBUG     : Update complete for Set 0/procstat with status 0
Wed Oct 25 14:28:00 2017: DEBUG     : Update complete for Set 1/procstat with status 0
Wed Oct 25 14:28:00 2017: DEBUG     : Update complete for Set 3/procstat with status 0
Wed Oct 25 14:28:00 2017: DEBUG     : Update complete for Set 2/meminfo with status 0
Wed Oct 25 14:28:00 2017: DEBUG     : Update complete for Set 2/procstat with status 0
Wed Oct 25 14:28:01 2017: DEBUG     : Schedule an update for set 0/meminfo
Wed Oct 25 14:28:01 2017: DEBUG     : Schedule an update for set 2/meminfo
Wed Oct 25 14:28:01 2017: DEBUG     : Schedule an update for set 2/procstat
Wed Oct 25 14:28:01 2017: DEBUG     : Schedule an update for set 1/meminfo
Wed Oct 25 14:28:01 2017: DEBUG     : Schedule an update for set 1/procstat
Wed Oct 25 14:28:01 2017: DEBUG     : Schedule an update for set 3/meminfo
Wed Oct 25 14:28:01 2017: DEBUG     : Schedule an update for set 3/procstat
Wed Oct 25 14:28:01 2017: DEBUG     : Schedule an update for set 0/procstat
Wed Oct 25 14:28:01 2017: DEBUG     : Update complete for Set 0/meminfo with status 0
Wed Oct 25 14:28:01 2017: DEBUG     : Update complete for Set 0/procstat with status 0
Wed Oct 25 14:28:01 2017: DEBUG     : Update complete for Set 3/meminfo with status 0
Wed Oct 25 14:28:01 2017: DEBUG     : Update complete for Set 1/meminfo with status 0
Wed Oct 25 14:28:01 2017: DEBUG     : Update complete for Set 1/procstat with status 0
Wed Oct 25 14:28:01 2017: DEBUG     : Update complete for Set 3/procstat with status 0
Wed Oct 25 14:28:01 2017: DEBUG     : Update complete for Set 2/meminfo with status 0
Wed Oct 25 14:28:01 2017: DEBUG     : Update complete for Set 2/procstat with status 0
Wed Oct 25 14:28:02 2017: DEBUG     : Schedule an update for set 2/meminfo
Wed Oct 25 14:28:02 2017: DEBUG     : Schedule an update for set 1/meminfo
Wed Oct 25 14:28:02 2017: DEBUG     : Schedule an update for set 2/procstat
Wed Oct 25 14:28:02 2017: DEBUG     : Schedule an update for set 1/procstat
Wed Oct 25 14:28:02 2017: DEBUG     : Schedule an update for set 3/meminfo
Wed Oct 25 14:28:02 2017: DEBUG     : Schedule an update for set 3/procstat
Wed Oct 25 14:28:02 2017: DEBUG     : Update complete for Set 2/meminfo with status 0
Wed Oct 25 14:28:02 2017: DEBUG     : Update complete for Set 2/procstat with status 0
Wed Oct 25 14:28:02 2017: DEBUG     : Update complete for Set 3/meminfo with status 0
Wed Oct 25 14:28:02 2017: DEBUG     : Update complete for Set 1/meminfo with status 0
Wed Oct 25 14:28:02 2017: DEBUG     : Update complete for Set 3/procstat with status 0
Wed Oct 25 14:28:02 2017: DEBUG     : Update complete for Set 1/procstat with status 0
Wed Oct 25 14:28:02 2017: DEBUG     : Schedule an update for set 0/meminfo
Wed Oct 25 14:28:02 2017: DEBUG     : Schedule an update for set 0/procstat
Wed Oct 25 14:28:02 2017: DEBUG     : Update complete for Set 0/meminfo with status 0
Wed Oct 25 14:28:02 2017: DEBUG     : Update complete for Set 0/procstat with status 0
Wed Oct 25 14:28:02 2017: INFO      : Producer wc114 is disconnected
Wed Oct 25 14:28:02 2017: INFO      : Deleting producer set 2/meminfo
Wed Oct 25 14:28:02 2017: INFO      : Deleting producer set 2/procstat
Wed Oct 25 14:28:02 2017: INFO      : Producer wc115 is disconnected
Wed Oct 25 14:28:02 2017: INFO      : Deleting producer set 3/meminfo
Wed Oct 25 14:28:02 2017: INFO      : Deleting producer set 3/procstat
Wed Oct 25 14:28:02 2017: INFO      : Producer wc113 is disconnected
Wed Oct 25 14:28:02 2017: INFO      : Deleting producer set 1/meminfo
Wed Oct 25 14:28:02 2017: INFO      : Deleting producer set 1/procstat
signo : 15
si_pid: 3199
Wed Oct 25 14:28:02 2017: DEBUG     : ../../../../ldms/src/store/store_csv.c: Closing store_csv with path </turquoise/usr/projects/workflow_perf/NPB3.3.1_wc/run/2017-10-25_14:27/ldms-233883.data/store/store_csv/meminfo>
Wed Oct 25 14:28:02 2017: DEBUG     : ../../../../ldms/src/store/store_csv.c: Closing store_csv with path </turquoise/usr/projects/workflow_perf/NPB3.3.1_wc/run/2017-10-25_14:27/ldms-233883.data/store/store_csv/procstat>
Wed Oct 25 14:28:03 2017: INFO      : LDMSD_ LDMS Daemon exiting...status 0, 
